<?xml version="1.0" encoding="UTF-8"?>
<!-- Generated by org.testng.reporters.JUnitXMLReporter -->
<testsuite ignored="0" hostname="TuanTurbo.local" failures="0" tests="17" name="Chrome" time="165.977" errors="0" timestamp="2026-05-25T10:22:53 GMT+07:00">
  <testcase classname="com.example.tests.LoginTest" name="invalidLoginShouldShowError" time="0.371"/>
  <testcase classname="com.example.tests.LoginTest" name="invalidLoginShouldShowError" time="0.299"/>
  <testcase classname="com.example.tests.LoginTest" name="invalidLoginShouldShowError" time="0.297"/>
  <testcase classname="com.example.tests.LoginTest" name="invalidLoginShouldShowError" time="0.278"/>
  <testcase classname="com.example.tests.LoginTest" name="invalidLoginShouldShowError" time="0.269"/>
  <testcase classname="com.example.tests.LoginTest" name="performanceGlitchUserCanLogin" time="5.389"/>
  <testcase classname="com.example.tests.LoginTest" name="validLoginShouldOpenInventory" time="0.367"/>
  <testcase classname="com.example.tests.CheckoutTest" name="addingItemsUpdatesBadgeCount" time="0.474"/>
  <testcase classname="com.example.tests.CheckoutTest" name="cartPageShowsCorrectItems" time="0.511"/>
  <testcase classname="com.example.tests.CheckoutTest" name="checkoutEmptyFormShowsFirstNameError" time="0.723"/>
  <testcase classname="com.example.tests.CheckoutTest" name="checkoutMissingLastNameShowsError" time="0.607"/>
  <testcase classname="com.example.tests.CheckoutTest" name="checkoutMissingPostalCodeShowsError" time="0.637"/>
  <testcase classname="com.example.tests.CheckoutTest" name="continueShoppingReturnsToInventory" time="0.48"/>
  <testcase classname="com.example.tests.CheckoutTest" name="fullCheckoutFlowSucceeds" time="0.819"/>
  <testcase classname="com.example.tests.CheckoutTest" name="productSortingWorks" time="0.495"/>
  <testcase classname="com.example.tests.CheckoutTest" name="removeItemFromCartReducesCount" time="0.566"/>
  <testcase classname="com.example.tests.CheckoutTest" name="removingItemDecrementsBadge" time="0.517"/>
</testsuite> <!-- Chrome -->
