<?xml version="1.0" encoding="UTF-8"?>
<!-- Generated by org.testng.reporters.JUnitXMLReporter -->
<testsuite ignored="0" hostname="TuanTurbo.local" failures="0" tests="17" name="Firefox" time="178.748" errors="0" timestamp="2026-05-25T10:23:06 GMT+07:00">
  <testcase classname="com.example.tests.LoginTest" name="invalidLoginShouldShowError" time="0.148"/>
  <testcase classname="com.example.tests.LoginTest" name="invalidLoginShouldShowError" time="0.139"/>
  <testcase classname="com.example.tests.LoginTest" name="invalidLoginShouldShowError" time="0.191"/>
  <testcase classname="com.example.tests.LoginTest" name="invalidLoginShouldShowError" time="0.133"/>
  <testcase classname="com.example.tests.LoginTest" name="invalidLoginShouldShowError" time="0.132"/>
  <testcase classname="com.example.tests.LoginTest" name="performanceGlitchUserCanLogin" time="5.157"/>
  <testcase classname="com.example.tests.LoginTest" name="validLoginShouldOpenInventory" time="0.146"/>
  <testcase classname="com.example.tests.CheckoutTest" name="addingItemsUpdatesBadgeCount" time="0.398"/>
  <testcase classname="com.example.tests.CheckoutTest" name="cartPageShowsCorrectItems" time="0.438"/>
  <testcase classname="com.example.tests.CheckoutTest" name="checkoutEmptyFormShowsFirstNameError" time="0.502"/>
  <testcase classname="com.example.tests.CheckoutTest" name="checkoutMissingLastNameShowsError" time="0.525"/>
  <testcase classname="com.example.tests.CheckoutTest" name="checkoutMissingPostalCodeShowsError" time="0.519"/>
  <testcase classname="com.example.tests.CheckoutTest" name="continueShoppingReturnsToInventory" time="0.351"/>
  <testcase classname="com.example.tests.CheckoutTest" name="fullCheckoutFlowSucceeds" time="0.603"/>
  <testcase classname="com.example.tests.CheckoutTest" name="productSortingWorks" time="0.328"/>
  <testcase classname="com.example.tests.CheckoutTest" name="removeItemFromCartReducesCount" time="0.455"/>
  <testcase classname="com.example.tests.CheckoutTest" name="removingItemDecrementsBadge" time="0.421"/>
</testsuite> <!-- Firefox -->
