<?xml version="1.0" encoding="UTF-8"?>
<testsuite xmlns:xsi="http://www.w3.org/2001/XMLSchema-instance" xsi:noNamespaceSchemaLocation="https://maven.apache.org/surefire/maven-surefire-plugin/xsd/surefire-test-report.xsd" version="3.0.2" name="TestSuite" time="179.065" tests="34" errors="0" skipped="0" failures="0">
  <properties>
[...]
</properties>
  <testcase name="invalidLoginShouldShowError[locked_out_user, secret_sauce, Sorry, this user has been locked out](1)" classname="com.example.tests.LoginTest" time="0.377">
    <system-err><![CDATA[SLF4J(W): No SLF4J providers were found.
SLF4J(W): Defaulting to no-operation (NOP) logger implementation
SLF4J(W): See https://www.slf4j.org/codes.html#noProviders for further details.
May 25, 2026 10:20:09 AM org.openqa.selenium.devtools.CdpVersionFinder findNearestMatch
WARNING: Unable to find CDP implementation matching 148
May 25, 2026 10:20:09 AM org.openqa.selenium.chromium.ChromiumDriver lambda$new$5
WARNING: Unable to find version of CDP to use for 148.0.7778.179. You may need to include a dependency on a specific version of the CDP using something similar to `org.seleniumhq.selenium:selenium-devtools-v86:4.27.0` where the version ("v86") matches the version of the chromium-based browser you're using and the version number of the artifact is the same as Selenium's.
]]></system-err>
  </testcase>
  <testcase name="invalidLoginShouldShowError[locked_out_user, secret_sauce, Sorry, this user has been locked out](1)" classname="com.example.tests.LoginTest" time="0.149">
    <system-err><![CDATA[May 25, 2026 10:20:17 AM org.openqa.selenium.devtools.CdpVersionFinder findNearestMatch
WARNING: Unable to find CDP implementation matching 148
May 25, 2026 10:20:17 AM org.openqa.selenium.chromium.ChromiumDriver lambda$new$5
WARNING: Unable to find version of CDP to use for 148.0.7778.179. You may need to include a dependency on a specific version of the CDP using something similar to `org.seleniumhq.selenium:selenium-devtools-v86:4.27.0` where the version ("v86") matches the version of the chromium-based browser you're using and the version number of the artifact is the same as Selenium's.
]]></system-err>
  </testcase>
  <testcase name="invalidLoginShouldShowError[standard_user, wrong_password, Username and password do not match](2)" classname="com.example.tests.LoginTest" time="0.299"/>
  <testcase name="invalidLoginShouldShowError[standard_user, wrong_password, Username and password do not match](2)" classname="com.example.tests.LoginTest" time="0.139">
    <system-err><![CDATA[May 25, 2026 10:20:30 AM org.openqa.selenium.devtools.CdpVersionFinder findNearestMatch
WARNING: Unable to find CDP implementation matching 148
May 25, 2026 10:20:30 AM org.openqa.selenium.chromium.ChromiumDriver lambda$new$5
WARNING: Unable to find version of CDP to use for 148.0.7778.179. You may need to include a dependency on a specific version of the CDP using something similar to `org.seleniumhq.selenium:selenium-devtools-v86:4.27.0` where the version ("v86") matches the version of the chromium-based browser you're using and the version number of the artifact is the same as Selenium's.
]]></system-err>
  </testcase>
  <testcase name="invalidLoginShouldShowError[, secret_sauce, Username is required](3)" classname="com.example.tests.LoginTest" time="0.298"/>
  <testcase name="invalidLoginShouldShowError[, secret_sauce, Username is required](3)" classname="com.example.tests.LoginTest" time="0.191">
    <system-err><![CDATA[May 25, 2026 10:20:42 AM org.openqa.selenium.devtools.CdpVersionFinder findNearestMatch
WARNING: Unable to find CDP implementation matching 148
May 25, 2026 10:20:42 AM org.openqa.selenium.chromium.ChromiumDriver lambda$new$5
WARNING: Unable to find version of CDP to use for 148.0.7778.179. You may need to include a dependency on a specific version of the CDP using something similar to `org.seleniumhq.selenium:selenium-devtools-v86:4.27.0` where the version ("v86") matches the version of the chromium-based browser you're using and the version number of the artifact is the same as Selenium's.
]]></system-err>
  </testcase>
  <testcase name="invalidLoginShouldShowError[standard_user, , Password is required](4)" classname="com.example.tests.LoginTest" time="0.278"/>
  <testcase name="invalidLoginShouldShowError[standard_user, , Password is required](4)" classname="com.example.tests.LoginTest" time="0.133">
    <system-err><![CDATA[May 25, 2026 10:20:51 AM org.openqa.selenium.devtools.CdpVersionFinder findNearestMatch
WARNING: Unable to find CDP implementation matching 148
May 25, 2026 10:20:51 AM org.openqa.selenium.chromium.ChromiumDriver lambda$new$5
WARNING: Unable to find version of CDP to use for 148.0.7778.179. You may need to include a dependency on a specific version of the CDP using something similar to `org.seleniumhq.selenium:selenium-devtools-v86:4.27.0` where the version ("v86") matches the version of the chromium-based browser you're using and the version number of the artifact is the same as Selenium's.
]]></system-err>
  </testcase>
  <testcase name="invalidLoginShouldShowError[invalid_user, secret_sauce, Username and password do not match](5)" classname="com.example.tests.LoginTest" time="0.27"/>
  <testcase name="invalidLoginShouldShowError[invalid_user, secret_sauce, Username and password do not match](5)" classname="com.example.tests.LoginTest" time="0.133">
    <system-err><![CDATA[May 25, 2026 10:20:59 AM org.openqa.selenium.devtools.CdpVersionFinder findNearestMatch
WARNING: Unable to find CDP implementation matching 148
May 25, 2026 10:20:59 AM org.openqa.selenium.chromium.ChromiumDriver lambda$new$5
WARNING: Unable to find version of CDP to use for 148.0.7778.179. You may need to include a dependency on a specific version of the CDP using something similar to `org.seleniumhq.selenium:selenium-devtools-v86:4.27.0` where the version ("v86") matches the version of the chromium-based browser you're using and the version number of the artifact is the same as Selenium's.
]]></system-err>
  </testcase>
  <testcase name="performanceGlitchUserCanLogin" classname="com.example.tests.LoginTest" time="4.224"/>
  <testcase name="performanceGlitchUserCanLogin" classname="com.example.tests.LoginTest" time="5.046">
    <system-err><![CDATA[May 25, 2026 10:21:20 AM org.openqa.selenium.devtools.CdpVersionFinder findNearestMatch
WARNING: Unable to find CDP implementation matching 148
May 25, 2026 10:21:20 AM org.openqa.selenium.chromium.ChromiumDriver lambda$new$5
WARNING: Unable to find version of CDP to use for 148.0.7778.179. You may need to include a dependency on a specific version of the CDP using something similar to `org.seleniumhq.selenium:selenium-devtools-v86:4.27.0` where the version ("v86") matches the version of the chromium-based browser you're using and the version number of the artifact is the same as Selenium's.
]]></system-err>
  </testcase>
  <testcase name="validLoginShouldOpenInventory" classname="com.example.tests.LoginTest" time="0.368">
    <system-err><![CDATA[May 25, 2026 10:21:12 AM org.openqa.selenium.devtools.CdpVersionFinder findNearestMatch
WARNING: Unable to find CDP implementation matching 148
May 25, 2026 10:21:12 AM org.openqa.selenium.chromium.ChromiumDriver lambda$new$5
WARNING: Unable to find version of CDP to use for 148.0.7778.179. You may need to include a dependency on a specific version of the CDP using something similar to `org.seleniumhq.selenium:selenium-devtools-v86:4.27.0` where the version ("v86") matches the version of the chromium-based browser you're using and the version number of the artifact is the same as Selenium's.
]]></system-err>
  </testcase>
  <testcase name="validLoginShouldOpenInventory" classname="com.example.tests.LoginTest" time="0.147"/>
  <testcase name="addingItemsUpdatesBadgeCount" classname="com.example.tests.CheckoutTest" time="0.475"/>
  <testcase name="addingItemsUpdatesBadgeCount" classname="com.example.tests.CheckoutTest" time="0.399"/>
  <testcase name="cartPageShowsCorrectItems" classname="com.example.tests.CheckoutTest" time="0.088">
    <system-err><![CDATA[May 25, 2026 10:21:29 AM org.openqa.selenium.devtools.CdpVersionFinder findNearestMatch
WARNING: Unable to find CDP implementation matching 148
May 25, 2026 10:21:29 AM org.openqa.selenium.chromium.ChromiumDriver lambda$new$5
WARNING: Unable to find version of CDP to use for 148.0.7778.179. You may need to include a dependency on a specific version of the CDP using something similar to `org.seleniumhq.selenium:selenium-devtools-v86:4.27.0` where the version ("v86") matches the version of the chromium-based browser you're using and the version number of the artifact is the same as Selenium's.
]]></system-err>
  </testcase>
  <testcase name="cartPageShowsCorrectItems" classname="com.example.tests.CheckoutTest" time="0.438"/>
  <testcase name="checkoutEmptyFormShowsFirstNameError" classname="com.example.tests.CheckoutTest" time="0.247">
    <system-err><![CDATA[May 25, 2026 10:21:37 AM org.openqa.selenium.devtools.CdpVersionFinder findNearestMatch
WARNING: Unable to find CDP implementation matching 148
May 25, 2026 10:21:37 AM org.openqa.selenium.chromium.ChromiumDriver lambda$new$5
WARNING: Unable to find version of CDP to use for 148.0.7778.179. You may need to include a dependency on a specific version of the CDP using something similar to `org.seleniumhq.selenium:selenium-devtools-v86:4.27.0` where the version ("v86") matches the version of the chromium-based browser you're using and the version number of the artifact is the same as Selenium's.
]]></system-err>
  </testcase>
  <testcase name="checkoutEmptyFormShowsFirstNameError" classname="com.example.tests.CheckoutTest" time="0.503">
    <system-err><![CDATA[May 25, 2026 10:22:11 AM org.openqa.selenium.devtools.CdpVersionFinder findNearestMatch
WARNING: Unable to find CDP implementation matching 148
May 25, 2026 10:22:11 AM org.openqa.selenium.chromium.ChromiumDriver lambda$new$5
WARNING: Unable to find version of CDP to use for 148.0.7778.179. You may need to include a dependency on a specific version of the CDP using something similar to `org.seleniumhq.selenium:selenium-devtools-v86:4.27.0` where the version ("v86") matches the version of the chromium-based browser you're using and the version number of the artifact is the same as Selenium's.
]]></system-err>
  </testcase>
  <testcase name="checkoutMissingLastNameShowsError" classname="com.example.tests.CheckoutTest" time="0.264">
    <system-err><![CDATA[May 25, 2026 10:21:49 AM org.openqa.selenium.devtools.CdpVersionFinder findNearestMatch
WARNING: Unable to find CDP implementation matching 148
May 25, 2026 10:21:49 AM org.openqa.selenium.chromium.ChromiumDriver lambda$new$5
WARNING: Unable to find version of CDP to use for 148.0.7778.179. You may need to include a dependency on a specific version of the CDP using something similar to `org.seleniumhq.selenium:selenium-devtools-v86:4.27.0` where the version ("v86") matches the version of the chromium-based browser you're using and the version number of the artifact is the same as Selenium's.
]]></system-err>
  </testcase>
  <testcase name="checkoutMissingLastNameShowsError" classname="com.example.tests.CheckoutTest" time="0.152">
    <system-err><![CDATA[May 25, 2026 10:22:19 AM org.openqa.selenium.devtools.CdpVersionFinder findNearestMatch
WARNING: Unable to find CDP implementation matching 148
May 25, 2026 10:22:19 AM org.openqa.selenium.chromium.ChromiumDriver lambda$new$5
WARNING: Unable to find version of CDP to use for 148.0.7778.179. You may need to include a dependency on a specific version of the CDP using something similar to `org.seleniumhq.selenium:selenium-devtools-v86:4.27.0` where the version ("v86") matches the version of the chromium-based browser you're using and the version number of the artifact is the same as Selenium's.
]]></system-err>
  </testcase>
  <testcase name="checkoutMissingPostalCodeShowsError" classname="com.example.tests.CheckoutTest" time="0.638">
    <system-err><![CDATA[May 25, 2026 10:22:02 AM org.openqa.selenium.devtools.CdpVersionFinder findNearestMatch
WARNING: Unable to find CDP implementation matching 148
May 25, 2026 10:22:02 AM org.openqa.selenium.chromium.ChromiumDriver lambda$new$5
WARNING: Unable to find version of CDP to use for 148.0.7778.179. You may need to include a dependency on a specific version of the CDP using something similar to `org.seleniumhq.selenium:selenium-devtools-v86:4.27.0` where the version ("v86") matches the version of the chromium-based browser you're using and the version number of the artifact is the same as Selenium's.
]]></system-err>
  </testcase>
  <testcase name="checkoutMissingPostalCodeShowsError" classname="com.example.tests.CheckoutTest" time="0.519">
    <system-err><![CDATA[May 25, 2026 10:22:37 AM org.openqa.selenium.devtools.CdpVersionFinder findNearestMatch
WARNING: Unable to find CDP implementation matching 148
May 25, 2026 10:22:37 AM org.openqa.selenium.chromium.ChromiumDriver lambda$new$5
WARNING: Unable to find version of CDP to use for 148.0.7778.179. You may need to include a dependency on a specific version of the CDP using something similar to `org.seleniumhq.selenium:selenium-devtools-v86:4.27.0` where the version ("v86") matches the version of the chromium-based browser you're using and the version number of the artifact is the same as Selenium's.
]]></system-err>
  </testcase>
  <testcase name="continueShoppingReturnsToInventory" classname="com.example.tests.CheckoutTest" time="0.479"/>
  <testcase name="continueShoppingReturnsToInventory" classname="com.example.tests.CheckoutTest" time="0.164">
    <system-err><![CDATA[May 25, 2026 10:22:45 AM org.openqa.selenium.devtools.CdpVersionFinder findNearestMatch
WARNING: Unable to find CDP implementation matching 148
May 25, 2026 10:22:45 AM org.openqa.selenium.chromium.ChromiumDriver lambda$new$5
WARNING: Unable to find version of CDP to use for 148.0.7778.179. You may need to include a dependency on a specific version of the CDP using something similar to `org.seleniumhq.selenium:selenium-devtools-v86:4.27.0` where the version ("v86") matches the version of the chromium-based browser you're using and the version number of the artifact is the same as Selenium's.
]]></system-err>
  </testcase>
  <testcase name="fullCheckoutFlowSucceeds" classname="com.example.tests.CheckoutTest" time="0.819"/>
  <testcase name="fullCheckoutFlowSucceeds" classname="com.example.tests.CheckoutTest" time="0.603"/>
  <testcase name="productSortingWorks" classname="com.example.tests.CheckoutTest" time="0.495">
    <system-err><![CDATA[May 25, 2026 10:22:28 AM org.openqa.selenium.devtools.CdpVersionFinder findNearestMatch
WARNING: Unable to find CDP implementation matching 148
May 25, 2026 10:22:28 AM org.openqa.selenium.chromium.ChromiumDriver lambda$new$5
WARNING: Unable to find version of CDP to use for 148.0.7778.179. You may need to include a dependency on a specific version of the CDP using something similar to `org.seleniumhq.selenium:selenium-devtools-v86:4.27.0` where the version ("v86") matches the version of the chromium-based browser you're using and the version number of the artifact is the same as Selenium's.
]]></system-err>
  </testcase>
  <testcase name="productSortingWorks" classname="com.example.tests.CheckoutTest" time="0.329"/>
  <testcase name="removeItemFromCartReducesCount" classname="com.example.tests.CheckoutTest" time="0.567"/>
  <testcase name="removeItemFromCartReducesCount" classname="com.example.tests.CheckoutTest" time="0.456"/>
  <testcase name="removingItemDecrementsBadge" classname="com.example.tests.CheckoutTest" time="0.518"/>
  <testcase name="removingItemDecrementsBadge" classname="com.example.tests.CheckoutTest" time="0.422"/>
</testsuite>