<?xml version="1.0" encoding="UTF-8"?>
<!-- Generated by org.testng.reporters.JUnitReportReporter -->
<testsuite hostname="TuanTurbo.local" failures="0" tests="20" name="com.example.tests.CheckoutTest" time="182.323" errors="0" timestamp="2026-05-25T10:23:06 GMT+07:00" skipped="0">
  <testcase classname="com.example.tests.CheckoutTest" name="checkoutMissingPostalCodeShowsError" time="12.748"/>
  <testcase classname="com.example.tests.CheckoutTest" name="checkoutMissingPostalCodeShowsError" time="3.042"/>
  <testcase classname="com.example.tests.CheckoutTest" name="cartPageShowsCorrectItems" time="12.513"/>
  <testcase classname="com.example.tests.CheckoutTest" name="addingItemsUpdatesBadgeCount" time="3.169"/>
  <testcase classname="com.example.tests.CheckoutTest" name="productSortingWorks" time="8.717"/>
  <testcase classname="com.example.tests.CheckoutTest" name="continueShoppingReturnsToInventory" time="12.503"/>
  <testcase classname="com.example.tests.CheckoutTest" name="cartPageShowsCorrectItems" time="8.335"/>
  <testcase classname="com.example.tests.CheckoutTest" name="addingItemsUpdatesBadgeCount" time="8.136"/>
  <testcase classname="com.example.tests.CheckoutTest" name="removingItemDecrementsBadge" time="13.365"/>
  <testcase classname="com.example.tests.CheckoutTest" name="removeItemFromCartReducesCount" time="12.507"/>
  <testcase classname="com.example.tests.CheckoutTest" name="checkoutMissingLastNameShowsError" time="3.285"/>
  <testcase classname="com.example.tests.CheckoutTest" name="checkoutEmptyFormShowsFirstNameError" time="12.416"/>
  <testcase classname="com.example.tests.CheckoutTest" name="fullCheckoutFlowSucceeds" time="8.840"/>
  <testcase classname="com.example.tests.CheckoutTest" name="fullCheckoutFlowSucceeds" time="12.939"/>
  <testcase classname="com.example.tests.CheckoutTest" name="checkoutMissingLastNameShowsError" time="8.783"/>
  <testcase classname="com.example.tests.CheckoutTest" name="continueShoppingReturnsToInventory" time="12.075"/>
  <testcase classname="com.example.tests.CheckoutTest" name="removeItemFromCartReducesCount" time="8.565"/>
  <testcase classname="com.example.tests.CheckoutTest" name="checkoutEmptyFormShowsFirstNameError" time="8.593"/>
  <testcase classname="com.example.tests.CheckoutTest" name="productSortingWorks" time="3.396"/>
  <testcase classname="com.example.tests.CheckoutTest" name="removingItemDecrementsBadge" time="8.396"/>
</testsuite> <!-- com.example.tests.CheckoutTest -->
