<?xml version="1.0" encoding="UTF-8"?>
<!-- Generated by org.testng.reporters.JUnitReportReporter -->
<testsuite hostname="TuanTurbo.local" failures="0" tests="14" name="com.example.tests.LoginTest" time="162.197" errors="0" timestamp="2026-05-25T10:23:06 GMT+07:00" skipped="0">
  <testcase classname="com.example.tests.LoginTest" name="invalidLoginShouldShowError" time="17.289"/>
  <testcase classname="com.example.tests.LoginTest" name="invalidLoginShouldShowError" time="8.439"/>
  <testcase classname="com.example.tests.LoginTest" name="invalidLoginShouldShowError" time="12.713"/>
  <testcase classname="com.example.tests.LoginTest" name="validLoginShouldOpenInventory" time="8.591"/>
  <testcase classname="com.example.tests.LoginTest" name="performanceGlitchUserCanLogin" time="17.753"/>
  <testcase classname="com.example.tests.LoginTest" name="invalidLoginShouldShowError" time="8.253"/>
  <testcase classname="com.example.tests.LoginTest" name="validLoginShouldOpenInventory" time="12.017"/>
  <testcase classname="com.example.tests.LoginTest" name="invalidLoginShouldShowError" time="8.416"/>
  <testcase classname="com.example.tests.LoginTest" name="invalidLoginShouldShowError" time="10.818"/>
  <testcase classname="com.example.tests.LoginTest" name="performanceGlitchUserCanLogin" time="13.265"/>
  <testcase classname="com.example.tests.LoginTest" name="invalidLoginShouldShowError" time="12.301"/>
  <testcase classname="com.example.tests.LoginTest" name="invalidLoginShouldShowError" time="7.143"/>
  <testcase classname="com.example.tests.LoginTest" name="invalidLoginShouldShowError" time="12.236"/>
  <testcase classname="com.example.tests.LoginTest" name="invalidLoginShouldShowError" time="12.963"/>
</testsuite> <!-- com.example.tests.LoginTest -->
